<?xml version="1.0" encoding="UTF-8"?>
<testsuite xmlns:xsi="http://www.w3.org/2001/XMLSchema-instance" xsi:noNamespaceSchemaLocation="https://maven.apache.org/surefire/maven-surefire-plugin/xsd/surefire-test-report-3.0.xsd" version="3.0" name="com.example.securingweb.SecuringWebApplicationTests" time="1.486" tests="1" errors="0" skipped="0" failures="0">
  <properties>
[...]
</properties>
  <testcase name="contextLoads" classname="com.example.securingweb.SecuringWebApplicationTests" time="0.435">
    <system-out><![CDATA[22:02:29.364 [main] INFO org.springframework.test.context.support.AnnotationConfigContextLoaderUtils -- Could not detect default configuration classes for test class [com.example.securingweb.SecuringWebApplicationTests]: SecuringWebApplicationTests does not declare any static, non-private, non-final, nested classes annotated with @Configuration.
22:02:29.406 [main] INFO org.springframework.boot.test.context.SpringBootTestContextBootstrapper -- Found @SpringBootConfiguration com.example.securingweb.SecuringWebApplication for test class com.example.securingweb.SecuringWebApplicationTests

  .   ____          _            __ _ _
 /\\ / ___'_ __ _ _(_)_ __  __ _ \ \ \ \
( ( )\___ | '_ | '_| | '_ \/ _` | \ \ \ \
 \\/  ___)| |_)| | | | | || (_| |  ) ) ) )
  '  |____| .__|_| |_|_| |_\__, | / / / /
 =========|_|==============|___/=/_/_/_/
 :: Spring Boot ::                (v3.1.2)

2023-12-17T22:02:29.562+05:30  INFO 98047 --- [           main] c.e.s.SecuringWebApplicationTests        : Starting SecuringWebApplicationTests using Java 21.0.1 with PID 98047 (started by sunilsrao in /Users/sunilsrao/codebase/securing-web keycloak)
2023-12-17T22:02:29.562+05:30  INFO 98047 --- [           main] c.e.s.SecuringWebApplicationTests        : No active profile set, falling back to 1 default profile: "default"
2023-12-17T22:02:30.090+05:30  INFO 98047 --- [           main] o.s.s.web.DefaultSecurityFilterChain     : Will secure any request with [org.springframework.security.web.session.DisableEncodeUrlFilter@1fbf088b, org.springframework.security.web.context.request.async.WebAsyncManagerIntegrationFilter@1943c1f2, org.springframework.security.web.context.SecurityContextHolderFilter@1668919e, org.springframework.security.web.header.HeaderWriterFilter@631cb129, org.springframework.security.web.authentication.logout.LogoutFilter@2954f6ab, org.keycloak.adapters.authorization.integration.jakarta.ServletPolicyEnforcerFilter@d70f722, org.springframework.security.web.savedrequest.RequestCacheAwareFilter@22c53d82, org.springframework.security.web.servletapi.SecurityContextHolderAwareRequestFilter@45c9b3, org.springframework.security.web.authentication.AnonymousAuthenticationFilter@1e1eeedd, org.springframework.security.web.session.SessionManagementFilter@3238e2aa, org.springframework.security.web.access.ExceptionTranslationFilter@682af059]
2023-12-17T22:02:30.322+05:30  INFO 98047 --- [           main] c.e.s.SecuringWebApplicationTests        : Started SecuringWebApplicationTests in 0.86 seconds (process running for 1.305)
]]></system-out>
    <system-err><![CDATA[WARNING: A Java agent has been loaded dynamically (/Users/sunilsrao/.m2/repository/net/bytebuddy/byte-buddy-agent/1.14.5/byte-buddy-agent-1.14.5.jar)
WARNING: If a serviceability tool is in use, please run with -XX:+EnableDynamicAgentLoading to hide this warning
WARNING: If a serviceability tool is not in use, please run with -Djdk.instrument.traceUsage for more information
WARNING: Dynamic loading of agents will be disallowed by default in a future release
]]></system-err>
  </testcase>
</testsuite>